<?xml version="1.0" encoding="UTF-8"?>
<!-- Generated by org.testng.reporters.JUnitReportReporter -->
<testsuite skipped="0" hostname="ANU-PANDEY03" name="orangeHRM.TestCases.TC_LoginTest_001" tests="1" failures="0" timestamp="2021-03-16T15:48:06 IST" time="5.848" errors="0">
  <testcase name="loginTest" time="5.848" classname="orangeHRM.TestCases.TC_LoginTest_001"/>
  <system-out/>
</testsuite> <!-- orangeHRM.TestCases.TC_LoginTest_001 -->
