<?xml version="1.0" encoding="UTF-8"?>
<!-- Generated by org.testng.reporters.JUnitReportReporter -->
<testsuite hostname="ANU-PANDEY03" failures="0" tests="1" name="orangeHRM.TestCases.Inputform_002" time="0.398" errors="0" timestamp="2021-03-11T21:21:46 IST" skipped="0">
  <testcase classname="orangeHRM.TestCases.Inputform_002" name="TC_001" time="0.398"/>
  <system-out/>
</testsuite> <!-- orangeHRM.TestCases.Inputform_002 -->
